b:\program files\my compnay\websites\xslisapi2\source\debug\xslisapi2.bsc
b:\program files\my compnay\websites\xslisapi2\source\debug\xslisapi2.pch
b:\program files\my compnay\websites\xslisapi2\source\debug\vc140.pdb
b:\program files\my compnay\websites\xslisapi2\source\debug\stdafx.sbr
b:\program files\my compnay\websites\xslisapi2\source\debug\stdafx.obj
b:\program files\my compnay\websites\xslisapi2\source\debug\asppreprocessor.sbr
b:\program files\my compnay\websites\xslisapi2\source\debug\charset.sbr
b:\program files\my compnay\websites\xslisapi2\source\debug\global.sbr
b:\program files\my compnay\websites\xslisapi2\source\debug\hashtable.sbr
b:\program files\my compnay\websites\xslisapi2\source\debug\iisfilter.sbr
b:\program files\my compnay\websites\xslisapi2\source\debug\piparse.sbr
b:\program files\my compnay\websites\xslisapi2\source\debug\preprocessor.sbr
b:\program files\my compnay\websites\xslisapi2\source\debug\processingstream.sbr
b:\program files\my compnay\websites\xslisapi2\source\debug\utils.sbr
b:\program files\my compnay\websites\xslisapi2\source\debug\xmlcache.sbr
b:\program files\my compnay\websites\xslisapi2\source\debug\xmlserverdoc.sbr
b:\program files\my compnay\websites\xslisapi2\source\debug\xslisapi2.sbr
b:\program files\my compnay\websites\xslisapi2\source\debug\xslisapi2.obj
b:\program files\my compnay\websites\xslisapi2\source\debug\xmlserverdoc.obj
b:\program files\my compnay\websites\xslisapi2\source\debug\xmlcache.obj
b:\program files\my compnay\websites\xslisapi2\source\debug\utils.obj
b:\program files\my compnay\websites\xslisapi2\source\debug\processingstream.obj
b:\program files\my compnay\websites\xslisapi2\source\debug\preprocessor.obj
b:\program files\my compnay\websites\xslisapi2\source\debug\piparse.obj
b:\program files\my compnay\websites\xslisapi2\source\debug\iisfilter.obj
b:\program files\my compnay\websites\xslisapi2\source\debug\hashtable.obj
b:\program files\my compnay\websites\xslisapi2\source\debug\global.obj
b:\program files\my compnay\websites\xslisapi2\source\debug\charset.obj
b:\program files\my compnay\websites\xslisapi2\source\debug\asppreprocessor.obj
b:\program files\my compnay\websites\xslisapi2\source\debug\regsvr32.trg
b:\program files\my compnay\websites\xslisapi2\source\debug\xslisapi2.ilk
b:\program files\my compnay\websites\xslisapi2\source\debug\xslisapi2.dll
b:\program files\my compnay\websites\xslisapi2\source\debug\xslisapi2.pdb
b:\program files\my compnay\websites\xslisapi2\source\xslisapi2.tlb
b:\program files\my compnay\websites\xslisapi2\source\xslisapi2_p.c
b:\program files\my compnay\websites\xslisapi2\source\xslisapi2_i.c
b:\program files\my compnay\websites\xslisapi2\source\xslisapi2.h
b:\program files\my compnay\websites\xslisapi2\source\debug\xslisapi2.res
b:\program files\my compnay\websites\xslisapi2\source\debug\xslisapi2.lib
b:\program files\my compnay\websites\xslisapi2\source\debug\xslisapi2.exp
b:\program files\my compnay\websites\xslisapi2\source\debug\asp.tlh
b:\program files\my compnay\websites\xslisapi2\source\debug\msxml3.tlh
b:\program files\my compnay\websites\xslisapi2\source\debug\scrrun.tlh
b:\program files\my compnay\websites\xslisapi2\source\.\debug\xslisapi2.dll
b:\program files\my compnay\websites\xslisapi2\source\debug\xslisapi2.tlog\bscmake.command.1.tlog
b:\program files\my compnay\websites\xslisapi2\source\debug\xslisapi2.tlog\bscmake.read.1.tlog
b:\program files\my compnay\websites\xslisapi2\source\debug\xslisapi2.tlog\bscmake.write.1.tlog
b:\program files\my compnay\websites\xslisapi2\source\debug\xslisapi2.tlog\cl.command.1.tlog
b:\program files\my compnay\websites\xslisapi2\source\debug\xslisapi2.tlog\cl.read.1.tlog
b:\program files\my compnay\websites\xslisapi2\source\debug\xslisapi2.tlog\cl.write.1.tlog
b:\program files\my compnay\websites\xslisapi2\source\debug\xslisapi2.tlog\custombuildstep.write.1u.tlog
b:\program files\my compnay\websites\xslisapi2\source\debug\xslisapi2.tlog\link.command.1.tlog
b:\program files\my compnay\websites\xslisapi2\source\debug\xslisapi2.tlog\link.read.1.tlog
b:\program files\my compnay\websites\xslisapi2\source\debug\xslisapi2.tlog\link.write.1.tlog
b:\program files\my compnay\websites\xslisapi2\source\debug\xslisapi2.tlog\midl.command.1.tlog
b:\program files\my compnay\websites\xslisapi2\source\debug\xslisapi2.tlog\midl.read.1.tlog
b:\program files\my compnay\websites\xslisapi2\source\debug\xslisapi2.tlog\midl.write.1.tlog
b:\program files\my compnay\websites\xslisapi2\source\debug\xslisapi2.tlog\rc.command.1.tlog
b:\program files\my compnay\websites\xslisapi2\source\debug\xslisapi2.tlog\rc.read.1.tlog
b:\program files\my compnay\websites\xslisapi2\source\debug\xslisapi2.tlog\rc.write.1.tlog
b:\program files\my compnay\websites\xslisapi2\source\debug\xslisapi2.tlog\xslisapi2.write.1u.tlog
